<?xml version="1.0" encoding="UTF-8"?>
<!-- Generated by org.testng.reporters.JUnitReportReporter -->
<testsuite skipped="0" hostname="Dhanraj" name="testScripts.login" tests="1" failures="0" timestamp="22 Jun 2022 20:40:15 GMT" time="0.206" errors="0">
  <testcase name="loginfb" time="0.206" classname="testScripts.login"/>
</testsuite> <!-- testScripts.login -->
