<?xml version="1.0" encoding="UTF-8"?>
<!-- Generated by org.testng.reporters.JUnitReportReporter -->
<testsuite skipped="0" hostname="Dhanraj" name="Day1.testNGday1exc" tests="5" failures="0" timestamp="27 Feb 2022 19:23:30 GMT" time="0.018" errors="0">
  <testcase name="firsttest" time="0.004" classname="Day1.testNGday1exc"/>
  <testcase name="Fourthtest" time="0.002" classname="Day1.testNGday1exc"/>
  <testcase name="Fifthtest" time="0.009" classname="Day1.testNGday1exc"/>
  <testcase name="Secondtest" time="0.002" classname="Day1.testNGday1exc"/>
  <testcase name="Thirdtest" time="0.001" classname="Day1.testNGday1exc"/>
</testsuite> <!-- Day1.testNGday1exc -->
